2017-05-12 16:58:29 3420 [Note] InnoDB: Using mutexes to ref count buffer pool pages
2017-05-12 16:58:40 3420 [Note] InnoDB: The InnoDB memory heap is disabled
2017-05-12 16:58:48 3420 [Note] InnoDB: Mutexes and rw_locks use Windows interlocked functions
2017-05-12 16:58:55 3420 [Note] InnoDB: _mm_lfence() and _mm_sfence() are used for memory barrier
2017-05-12 16:59:05 3420 [Note] InnoDB: Compressed tables use zlib 1.2.3
2017-05-12 16:59:12 3420 [Note] InnoDB: Using generic crc32 instructions
2017-05-12 16:59:19 3420 [Note] InnoDB: Initializing buffer pool, size = 128.0M
2017-05-12 16:59:24 3420 [Note] InnoDB: Completed initialization of buffer pool
2017-05-12 16:59:27 3420 [Note] InnoDB: Highest supported file format is Barracuda.
2017-05-12 16:59:28 3420 [Note] InnoDB: The log sequence numbers 1835541 and 1835541 in ibdata files do not match the log sequence number 2525063 in the ib_logfiles!
2017-05-12 16:59:28 3420 [Note] InnoDB: Database was not shutdown normally!
2017-05-12 16:59:28 3420 [Note] InnoDB: Starting crash recovery.
2017-05-12 16:59:28 3420 [Note] InnoDB: Reading tablespace information from the .ibd files...
2017-05-12 16:59:36 3420 [Note] InnoDB: Restoring possible half-written data pages 
2017-05-12 16:59:37 3420 [Note] InnoDB: from the doublewrite buffer...
2017-05-12 17:00:21 3420 [Warning] InnoDB: Resizing redo log from 2*320 to 2*3072 pages, LSN=2525063
2017-05-12 17:00:21 3420 [Warning] InnoDB: Starting to delete and rewrite log files.
2017-05-12 17:00:21 3420 [Note] InnoDB: Setting log file .\ib_logfile101 size to 48 MB
2017-05-12 17:00:25 3420 [Note] InnoDB: Setting log file .\ib_logfile1 size to 48 MB
2017-05-12 17:00:27 3420 [Note] InnoDB: Renaming log file .\ib_logfile101 to .\ib_logfile0
2017-05-12 17:00:27 3420 [Warning] InnoDB: New log files created, LSN=2525196
2017-05-12 17:00:28 3420 [Note] InnoDB: 128 rollback segment(s) are active.
2017-05-12 17:00:28 3420 [Note] InnoDB: Waiting for purge to start
2017-05-12 17:00:28 3420 [Note] InnoDB:  Percona XtraDB (http://www.percona.com) 5.6.34-79.1 started; log sequence number 2525063
2017-05-12 17:00:28 4272 [Note] InnoDB: Dumping buffer pool(s) not yet started
2017-05-12 17:00:29 3420 [Note] Plugin 'FEEDBACK' is disabled.
2017-05-12 17:00:30 3420 [Note] Server socket created on IP: '::'.
2017-05-12 17:00:30 3420 [ERROR] Can't start server: Bind on TCP/IP port. Got error: 10048: Sólo se permite un uso de cada dirección de socket (protocolo/dirección de red/puerto)

2017-05-12 17:00:30 3420 [ERROR] Do you already have another mysqld server running on port: 3306 ?
2017-05-12 17:00:30 3420 [ERROR] Aborting

2017-05-20 10:01:54 9220 [Note] InnoDB: Using mutexes to ref count buffer pool pages
2017-05-20 10:01:55 9220 [Note] InnoDB: The InnoDB memory heap is disabled
2017-05-20 10:01:55 9220 [Note] InnoDB: Mutexes and rw_locks use Windows interlocked functions
2017-05-20 10:01:55 9220 [Note] InnoDB: _mm_lfence() and _mm_sfence() are used for memory barrier
2017-05-20 10:01:55 9220 [Note] InnoDB: Compressed tables use zlib 1.2.3
2017-05-20 10:01:55 9220 [Note] InnoDB: Using generic crc32 instructions
2017-05-20 10:01:55 9220 [Note] InnoDB: Initializing buffer pool, size = 128.0M
2017-05-20 10:01:55 9220 [Note] InnoDB: Completed initialization of buffer pool
2017-05-20 10:01:55 9220 [Note] InnoDB: Highest supported file format is Barracuda.
2017-05-20 10:01:55 9220 [Note] InnoDB: The log sequence numbers 2527244 and 2527244 in ibdata files do not match the log sequence number 2919316 in the ib_logfiles!
2017-05-20 10:01:55 9220 [Note] InnoDB: Database was not shutdown normally!
2017-05-20 10:01:55 9220 [Note] InnoDB: Starting crash recovery.
2017-05-20 10:01:55 9220 [Note] InnoDB: Reading tablespace information from the .ibd files...
2017-05-20 10:02:04 9220 [Note] InnoDB: Restoring possible half-written data pages 
2017-05-20 10:02:04 9220 [Note] InnoDB: from the doublewrite buffer...
2017-05-20 10:02:17 9220 [Warning] InnoDB: Resizing redo log from 2*320 to 2*3072 pages, LSN=2919316
2017-05-20 10:02:17 9220 [Warning] InnoDB: Starting to delete and rewrite log files.
2017-05-20 10:02:18 9220 [Note] InnoDB: Setting log file .\ib_logfile101 size to 48 MB
2017-05-20 10:02:19 9220 [Note] InnoDB: Setting log file .\ib_logfile1 size to 48 MB
2017-05-20 10:02:20 9220 [Note] InnoDB: Renaming log file .\ib_logfile101 to .\ib_logfile0
2017-05-20 10:02:20 9220 [Warning] InnoDB: New log files created, LSN=2919436
2017-05-20 10:02:20 9220 [Note] InnoDB: 128 rollback segment(s) are active.
2017-05-20 10:02:20 9220 [Note] InnoDB: Waiting for purge to start
2017-05-20 10:02:20 9220 [Note] InnoDB:  Percona XtraDB (http://www.percona.com) 5.6.34-79.1 started; log sequence number 2919316
2017-05-20 10:02:20 8460 [Note] InnoDB: Dumping buffer pool(s) not yet started
2017-05-20 10:02:20 9220 [Note] Plugin 'FEEDBACK' is disabled.
2017-05-20 10:02:20 9220 [Note] Server socket created on IP: '::'.
2017-05-20 10:02:20 9220 [ERROR] Can't start server: Bind on TCP/IP port. Got error: 10048: Sólo se permite un uso de cada dirección de socket (protocolo/dirección de red/puerto)

2017-05-20 10:02:20 9220 [ERROR] Do you already have another mysqld server running on port: 3306 ?
2017-05-20 10:02:20 9220 [ERROR] Aborting

